2023-05-18T12:02:00.030+05:30  INFO 12600 --- [restartedMain] c.l.e.store.ElectronicStoreApplication   : Starting ElectronicStoreApplication using Java 19 with PID 12600 (C:\Users\a886699\Downloads\e-commerce-backend-dev\e-commerce-backend-dev\target\classes started by a886699 in C:\Users\a886699\Downloads\e-commerce-backend-dev\e-commerce-backend-dev)
2023-05-18T12:02:00.044+05:30  INFO 12600 --- [restartedMain] c.l.e.store.ElectronicStoreApplication   : No active profile set, falling back to 1 default profile: "default"
2023-05-18T12:02:00.102+05:30  INFO 12600 --- [restartedMain] .e.DevToolsPropertyDefaultsPostProcessor : Devtools property defaults active! Set 'spring.devtools.add-properties' to 'false' to disable
2023-05-18T12:02:00.102+05:30  INFO 12600 --- [restartedMain] .e.DevToolsPropertyDefaultsPostProcessor : For additional web related logging consider setting the 'logging.level.web' property to 'DEBUG'
2023-05-18T12:02:00.844+05:30  INFO 12600 --- [restartedMain] .s.d.r.c.RepositoryConfigurationDelegate : Bootstrapping Spring Data JPA repositories in DEFAULT mode.
2023-05-18T12:02:00.923+05:30  INFO 12600 --- [restartedMain] .s.d.r.c.RepositoryConfigurationDelegate : Finished Spring Data repository scanning in 65 ms. Found 2 JPA repository interfaces.
2023-05-18T12:02:01.577+05:30  INFO 12600 --- [restartedMain] o.s.b.w.embedded.tomcat.TomcatWebServer  : Tomcat initialized with port(s): 9090 (http)
2023-05-18T12:02:01.597+05:30  INFO 12600 --- [restartedMain] o.apache.catalina.core.StandardService   : Starting service [Tomcat]
2023-05-18T12:02:01.597+05:30  INFO 12600 --- [restartedMain] o.apache.catalina.core.StandardEngine    : Starting Servlet engine: [Apache Tomcat/10.1.8]
2023-05-18T12:02:01.676+05:30  INFO 12600 --- [restartedMain] o.a.c.c.C.[Tomcat].[localhost].[/]       : Initializing Spring embedded WebApplicationContext
2023-05-18T12:02:01.676+05:30  INFO 12600 --- [restartedMain] w.s.c.ServletWebServerApplicationContext : Root WebApplicationContext: initialization completed in 1573 ms
2023-05-18T12:02:01.827+05:30  INFO 12600 --- [restartedMain] o.hibernate.jpa.internal.util.LogHelper  : HHH000204: Processing PersistenceUnitInfo [name: default]
2023-05-18T12:02:01.892+05:30  INFO 12600 --- [restartedMain] org.hibernate.Version                    : HHH000412: Hibernate ORM core version 6.1.7.Final
2023-05-18T12:02:02.196+05:30  INFO 12600 --- [restartedMain] com.zaxxer.hikari.HikariDataSource       : HikariPool-1 - Starting...
2023-05-18T12:02:02.200+05:30  WARN 12600 --- [restartedMain] c.zaxxer.hikari.util.DriverDataSource    : Registered driver with driverClassName=com.mysql.jdbc.Driver was not found, trying direct instantiation.
2023-05-18T12:02:02.579+05:30  INFO 12600 --- [restartedMain] com.zaxxer.hikari.pool.HikariPool        : HikariPool-1 - Added connection com.mysql.cj.jdbc.ConnectionImpl@5125ae26
2023-05-18T12:02:02.581+05:30  INFO 12600 --- [restartedMain] com.zaxxer.hikari.HikariDataSource       : HikariPool-1 - Start completed.
2023-05-18T12:02:02.646+05:30  INFO 12600 --- [restartedMain] SQL dialect                              : HHH000400: Using dialect: org.hibernate.dialect.MySQLDialect
2023-05-18T12:02:03.404+05:30  INFO 12600 --- [restartedMain] o.h.e.t.j.p.i.JtaPlatformInitiator       : HHH000490: Using JtaPlatform implementation: [org.hibernate.engine.transaction.jta.platform.internal.NoJtaPlatform]
2023-05-18T12:02:03.415+05:30  INFO 12600 --- [restartedMain] j.LocalContainerEntityManagerFactoryBean : Initialized JPA EntityManagerFactory for persistence unit 'default'
2023-05-18T12:02:03.817+05:30  WARN 12600 --- [restartedMain] JpaBaseConfiguration$JpaWebConfiguration : spring.jpa.open-in-view is enabled by default. Therefore, database queries may be performed during view rendering. Explicitly configure spring.jpa.open-in-view to disable this warning
2023-05-18T12:02:04.099+05:30  INFO 12600 --- [restartedMain] o.s.b.d.a.OptionalLiveReloadServer       : LiveReload server is running on port 35729
2023-05-18T12:02:04.126+05:30  INFO 12600 --- [restartedMain] o.s.b.w.embedded.tomcat.TomcatWebServer  : Tomcat started on port(s): 9090 (http) with context path ''
2023-05-18T12:02:04.132+05:30  INFO 12600 --- [restartedMain] c.l.e.store.ElectronicStoreApplication   : Started ElectronicStoreApplication in 4.548 seconds (process running for 5.089)
2023-05-18T12:09:02.169+05:30  INFO 12600 --- [http-nio-9090-exec-2] o.a.c.c.C.[Tomcat].[localhost].[/]       : Initializing Spring DispatcherServlet 'dispatcherServlet'
2023-05-18T12:09:02.170+05:30  INFO 12600 --- [http-nio-9090-exec-2] o.s.web.servlet.DispatcherServlet        : Initializing Servlet 'dispatcherServlet'
2023-05-18T12:09:02.171+05:30  INFO 12600 --- [http-nio-9090-exec-2] o.s.web.servlet.DispatcherServlet        : Completed initialization in 1 ms
2023-05-18T14:42:55.429+05:30  WARN 12600 --- [HikariPool-1 housekeeper] com.zaxxer.hikari.pool.HikariPool        : HikariPool-1 - Thread starvation or clock leap detected (housekeeper delta=1h12m21s382ms899µs600ns).
